<?xml version="1.0" encoding="UTF-8"?>
<robot generator="Robot 6.0.2 (Python 3.11.1 on win32)" generated="20230302 12:06:27.875" rpa="false" schemaversion="3">
<suite id="s1" name="Tests" source="C:\Asoftware\AppiumWithRobotFramework\Tests">
<suite id="s1-s1" name="Trendyol" source="C:\Asoftware\AppiumWithRobotFramework\Tests\trendyol.robot">
<test id="s1-s1-t1" name="search_test" line="8">
<kw name="initialize the application" library="homePage">
<kw name="Open Application" library="AppiumLibrary">
<arg>${server}</arg>
<arg>platformName=${platformName}</arg>
<arg>platformVersion=${platformVersion}</arg>
<arg>deviceName=${deviceName}</arg>
<arg>automationName=${automationName}</arg>
<arg>appPackage=${appPackage}</arg>
<arg>appActivity=${appActivity}</arg>
<doc>Opens a new application to given Appium server.
Capabilities of appium server, Android and iOS,
Please check https://github.com/appium/appium/blob/master/docs/en/writing-running-appium/server-args.md
| *Option*            | *Man.* | *Description*     |
| remote_url          | Yes    | Appium server url |
| alias               | no     | alias             |
| strict_ssl          | No     | allows you to send commands to an invalid certificate host like a self-signed one. |</doc>
<kw name="Capture Page Screenshot" library="AppiumLibrary">
<doc>Takes a screenshot of the current page and embeds it into the log.</doc>
<msg timestamp="20230302 12:06:41.516" level="FAIL">No application is open</msg>
<status status="FAIL" starttime="20230302 12:06:41.516" endtime="20230302 12:06:41.523"/>
</kw>
<msg timestamp="20230302 12:06:41.528" level="WARN">Keyword 'Capture Page Screenshot' could not be run on failure: No application is open</msg>
<msg timestamp="20230302 12:06:41.531" level="FAIL">WebDriverException: Message: An unknown server-side error occurred while processing the command. Original error: Could not proxy command to the remote server. Original error: socket hang up
Stacktrace:
UnknownError: An unknown server-side error occurred while processing the command. Original error: Could not proxy command to the remote server. Original error: socket hang up
    at UIA2Proxy.command (C:\Users\Lenovo\AppData\Roaming\npm\node_modules\appium\node_modules\appium-base-driver\lib\jsonwp-proxy\proxy.js:274:13)
    at processTicksAndRejections (node:internal/process/task_queues:95:5)
    at AndroidUiautomator2Driver.commands.getDevicePixelRatio (C:\Users\Lenovo\AppData\Roaming\npm\node_modules\appium\node_modules\appium-uiautomator2-driver\lib\commands\viewport.js:14:10)
    at AndroidUiautomator2Driver.fillDeviceDetails (C:\Users\Lenovo\AppData\Roaming\npm\node_modules\appium\node_modules\appium-uiautomator2-driver\lib\driver.js:244:28)
    at AndroidUiautomator2Driver.createSession (C:\Users\Lenovo\AppData\Roaming\npm\node_modules\appium\node_modules\appium-uiautomator2-driver\lib\driver.js:230:7)
    at AppiumDriver.createSession (C:\Users\Lenovo\AppData\Roaming\npm\node_modules\appium\lib\appium.js:387:35)</msg>
<status status="FAIL" starttime="20230302 12:06:28.315" endtime="20230302 12:06:41.533"/>
</kw>
<status status="FAIL" starttime="20230302 12:06:28.315" endtime="20230302 12:06:41.536"/>
</kw>
<kw name="Open the application" library="homePage">
<status status="NOT RUN" starttime="20230302 12:06:41.539" endtime="20230302 12:06:41.540"/>
</kw>
<kw name="Type in the product you search and hit enter" library="homePage">
<status status="NOT RUN" starttime="20230302 12:06:41.541" endtime="20230302 12:06:41.541"/>
</kw>
<kw name="Verify the specified product is listed if yes add to cart and check" library="homePage">
<status status="NOT RUN" starttime="20230302 12:06:41.545" endtime="20230302 12:06:41.545"/>
</kw>
<kw name="Close Application" library="AppiumLibrary" type="TEARDOWN">
<doc>Closes the current application and also close webdriver session.</doc>
<kw name="Capture Page Screenshot" library="AppiumLibrary">
<doc>Takes a screenshot of the current page and embeds it into the log.</doc>
<msg timestamp="20230302 12:06:41.548" level="FAIL">No application is open</msg>
<status status="FAIL" starttime="20230302 12:06:41.547" endtime="20230302 12:06:41.549"/>
</kw>
<msg timestamp="20230302 12:06:41.555" level="WARN">Keyword 'Capture Page Screenshot' could not be run on failure: No application is open</msg>
<msg timestamp="20230302 12:06:41.558" level="FAIL">No application is open</msg>
<status status="FAIL" starttime="20230302 12:06:41.546" endtime="20230302 12:06:41.559">No application is open</status>
</kw>
<status status="FAIL" starttime="20230302 12:06:28.314" endtime="20230302 12:06:41.560">WebDriverException: Message: An unknown server-side error occurred while processing the command. Original error: Could not proxy command to the remote server. Original error: socket hang up
Stacktrace:
UnknownError: An unknown server-side error occurred while processing the command. Original error: Could not proxy command to the remote server. Original error: socket hang up
    at UIA2Proxy.command (C:\Users\Lenovo\AppData\Roaming\npm\node_modules\appium\node_modules\appium-base-driver\lib\jsonwp-proxy\proxy.js:274:13)
    at processTicksAndRejections (node:internal/process/task_queues:95:5)
    at AndroidUiautomator2Driver.commands.getDevicePixelRatio (C:\Users\Lenovo\AppData\Roaming\npm\node_modules\appium\node_modules\appium-uiautomator2-driver\lib\commands\viewport.js:14:10)
    at AndroidUiautomator2Driver.fillDeviceDetails (C:\Users\Lenovo\AppData\Roaming\npm\node_modules\appium\node_modules\appium-uiautomator2-driver\lib\driver.js:244:28)
    at AndroidUiautomator2Driver.createSession (C:\Users\Lenovo\AppData\Roaming\npm\node_modules\appium\node_modules\appium-uiautomator2-driver\lib\driver.js:230:7)
    at AppiumDriver.createSession (C:\Users\Lenovo\AppData\Roaming\npm\node_modules\appium\lib\appium.js:387:35)

Also teardown failed:
No application is open</status>
</test>
<status status="FAIL" starttime="20230302 12:06:28.015" endtime="20230302 12:06:41.589"/>
</suite>
<status status="FAIL" starttime="20230302 12:06:27.989" endtime="20230302 12:06:41.605"/>
</suite>
<statistics>
<total>
<stat pass="0" fail="1" skip="0">All Tests</stat>
</total>
<tag>
</tag>
<suite>
<stat pass="0" fail="1" skip="0" id="s1" name="Tests">Tests</stat>
<stat pass="0" fail="1" skip="0" id="s1-s1" name="Trendyol">Tests.Trendyol</stat>
</suite>
</statistics>
<errors>
<msg timestamp="20230302 12:06:41.528" level="WARN">Keyword 'Capture Page Screenshot' could not be run on failure: No application is open</msg>
<msg timestamp="20230302 12:06:41.555" level="WARN">Keyword 'Capture Page Screenshot' could not be run on failure: No application is open</msg>
</errors>
</robot>
