<?xml version="1.0" encoding="UTF-8"?>
<robot generator="Robot 6.0.2 (Python 3.11.1 on win32)" generated="20230301 16:31:43.811" rpa="false" schemaversion="3">
<suite id="s1" name="Trendyol" source="C:\Asoftware\AppiumWithRobotFramework\Tests\trendyol.robot">
<test id="s1-t1" name="search_test" line="6">
<kw name="initialize_the_application" library="homePage">
<kw name="Open Application" library="AppiumLibrary">
<arg>${server}</arg>
<arg>platformName=${platformName}</arg>
<arg>platformVersion=${platformVersion}</arg>
<arg>deviceName=${deviceName}</arg>
<arg>automationName=${automationName}</arg>
<arg>appPackage=${appPackage}</arg>
<arg>appActivity=${appActivity}</arg>
<doc>Opens a new application to given Appium server.
Capabilities of appium server, Android and iOS,
Please check https://github.com/appium/appium/blob/master/docs/en/writing-running-appium/server-args.md
| *Option*            | *Man.* | *Description*     |
| remote_url          | Yes    | Appium server url |
| alias               | no     | alias             |
| strict_ssl          | No     | allows you to send commands to an invalid certificate host like a self-signed one. |</doc>
<status status="PASS" starttime="20230301 16:31:44.164" endtime="20230301 16:31:58.280"/>
</kw>
<status status="PASS" starttime="20230301 16:31:44.164" endtime="20230301 16:31:58.280"/>
</kw>
<kw name="Open_the_application" library="homePage">
<kw name="Wait Until Element Is Visible" library="AppiumLibrary">
<arg>${sectionName}</arg>
<arg>30s</arg>
<doc>Waits until element specified with `locator` is visible.</doc>
<msg timestamp="20230301 16:32:01.458" level="INFO">criteria is trendyol.com:id/buttonSelectGenderMan
criteria is trendyol.com:id/buttonSelectGenderMan
criteria is trendyol.com:id/buttonSelectGenderMan
criteria is trendyol.com:id/buttonSelectGenderMan
criteria is trendyol.com:id/buttonSelectGenderMan
criteria is trendyol.com:id/buttonSelectGenderMan
criteria is trendyol.com:id/buttonSelectGenderMan</msg>
<status status="PASS" starttime="20230301 16:31:58.281" endtime="20230301 16:32:01.458"/>
</kw>
<kw name="Click Element" library="AppiumLibrary">
<arg>${sectionName}</arg>
<doc>Click element identified by `locator`.</doc>
<msg timestamp="20230301 16:32:01.461" level="INFO">Clicking element 'id=trendyol.com:id/buttonSelectGenderMan'.</msg>
<msg timestamp="20230301 16:32:01.573" level="INFO">criteria is trendyol.com:id/buttonSelectGenderMan</msg>
<status status="PASS" starttime="20230301 16:32:01.458" endtime="20230301 16:32:01.573"/>
</kw>
<status status="PASS" starttime="20230301 16:31:58.280" endtime="20230301 16:32:01.574"/>
</kw>
<kw name="Type_in_the_product_you_search_and_hit_enter" library="homePage">
<kw name="Wait Until Element Is Visible" library="AppiumLibrary">
<arg>${searchBar}</arg>
<arg>30s</arg>
<doc>Waits until element specified with `locator` is visible.</doc>
<msg timestamp="20230301 16:32:05.461" level="INFO">criteria is trendyol.com:id/edittext_search_view
criteria is trendyol.com:id/edittext_search_view</msg>
<status status="PASS" starttime="20230301 16:32:01.575" endtime="20230301 16:32:05.461"/>
</kw>
<kw name="Click Element" library="AppiumLibrary">
<arg>${searchBar}</arg>
<doc>Click element identified by `locator`.</doc>
<msg timestamp="20230301 16:32:05.467" level="INFO">Clicking element 'id=trendyol.com:id/edittext_search_view'.</msg>
<msg timestamp="20230301 16:32:06.075" level="INFO">criteria is trendyol.com:id/edittext_search_view</msg>
<status status="PASS" starttime="20230301 16:32:05.462" endtime="20230301 16:32:06.076"/>
</kw>
<kw name="Input Text" library="AppiumLibrary">
<arg>${searchBar}</arg>
<arg>kulaklık</arg>
<doc>Types the given `text` into text field identified by `locator`.</doc>
<msg timestamp="20230301 16:32:06.078" level="INFO">Typing text 'kulaklık' into text field 'id=trendyol.com:id/edittext_search_view'</msg>
<msg timestamp="20230301 16:32:11.449" level="INFO">criteria is trendyol.com:id/edittext_search_view</msg>
<status status="PASS" starttime="20230301 16:32:06.076" endtime="20230301 16:32:11.449"/>
</kw>
<kw name="Press Keycode" library="AppiumLibrary">
<arg>84</arg>
<doc>Sends a press of keycode to the device.</doc>
<status status="PASS" starttime="20230301 16:32:11.450" endtime="20230301 16:32:13.837"/>
</kw>
<status status="PASS" starttime="20230301 16:32:01.574" endtime="20230301 16:32:13.838"/>
</kw>
<kw name="Verify_that_products_listed_contain_the_keyword_passed_in" library="homePage">
<kw name="Wait Until Element Is Visible" library="AppiumLibrary">
<arg>${viewElemet}</arg>
<arg>30s</arg>
<doc>Waits until element specified with `locator` is visible.</doc>
<msg timestamp="20230301 16:32:23.216" level="INFO">criteria is trendyol.com:id/imageViewProduct
criteria is trendyol.com:id/imageViewProduct
criteria is trendyol.com:id/imageViewProduct
criteria is trendyol.com:id/imageViewProduct
criteria is trendyol.com:id/imageViewProduct
criteria is trendyol.com:id/imageViewProduct
criteria is trendyol.com:id/imageViewProduct
criteria is trendyol.com:id/imageViewProduct
criteria is trendyol.com:id/imageViewProduct
criteria is trendyol.com:id/imageViewProduct
criteria is trendyol.com:id/imageViewProduct</msg>
<status status="PASS" starttime="20230301 16:32:13.841" endtime="20230301 16:32:23.216"/>
</kw>
<kw name="Page Should Contain Element" library="AppiumLibrary">
<arg>${viewElemet}</arg>
<doc>Verifies that current page contains `locator` element.</doc>
<msg timestamp="20230301 16:32:23.516" level="INFO">Current page contains element 'id=trendyol.com:id/imageViewProduct'.</msg>
<msg timestamp="20230301 16:32:23.516" level="INFO">criteria is trendyol.com:id/imageViewProduct</msg>
<status status="PASS" starttime="20230301 16:32:23.216" endtime="20230301 16:32:23.516"/>
</kw>
<kw name="Page Should Contain Text" library="AppiumLibrary">
<arg>Kulaklık</arg>
<doc>Verifies that current page contains `text`.</doc>
<msg timestamp="20230301 16:32:25.046" level="INFO">Current page contains text 'Kulaklık'.</msg>
<status status="PASS" starttime="20230301 16:32:23.516" endtime="20230301 16:32:25.046"/>
</kw>
<status status="PASS" starttime="20230301 16:32:13.840" endtime="20230301 16:32:25.046"/>
</kw>
<status status="PASS" starttime="20230301 16:31:44.163" endtime="20230301 16:32:25.046"/>
</test>
<status status="PASS" starttime="20230301 16:31:43.815" endtime="20230301 16:32:25.048"/>
</suite>
<statistics>
<total>
<stat pass="1" fail="0" skip="0">All Tests</stat>
</total>
<tag>
</tag>
<suite>
<stat pass="1" fail="0" skip="0" id="s1" name="Trendyol">Trendyol</stat>
</suite>
</statistics>
<errors>
<msg timestamp="20230301 16:31:43.857" level="WARN">Imported library 'C:\Asoftware\AppiumWithRobotFramework\Library\ilkKutuphanem.py' contains no keywords.</msg>
</errors>
</robot>
